<?xml version="1.0" encoding="UTF-8"?>
<!-- Generated by org.testng.reporters.JUnitXMLReporter -->
<testsuite hostname="user" ignored="0" name="Command line test" tests="6" failures="0" timestamp="27 Oct 2019 10:58:08 GMT" time="0.078" errors="0">
  <testcase name="testApp" time="0.004" classname="com.qa.test.AppTest"/>
  <testcase name="div" time="0.005" classname="com.qa.test.DemoTest"/>
  <testcase name="mul" time="0.0" classname="com.qa.test.DemoTest"/>
  <testcase name="sub" time="0.0" classname="com.qa.test.DemoTest"/>
  <testcase name="sum" time="0.0" classname="com.qa.test.DemoTest"/>
  <testcase name="googleTittle" time="0.001" classname="com.testngpractice.Test1"/>
</testsuite> <!-- Command line test -->
