<?xml version="1.0" encoding="UTF-8"?>
<testng-results skipped="0" failed="0" ignored="0" total="6" passed="6">
  <reporter-output>
  </reporter-output>
  <suite name="Command line suite" duration-ms="78" started-at="2019-10-27T10:58:08Z" finished-at="2019-10-27T10:58:08Z">
    <groups>
    </groups>
    <test name="Command line test" duration-ms="78" started-at="2019-10-27T10:58:08Z" finished-at="2019-10-27T10:58:08Z">
      <class name="com.qa.test.DemoTest">
        <test-method status="PASS" signature="div()[pri:0, instance:com.qa.test.DemoTest@7a5d012c]" name="div" duration-ms="5" started-at="2019-10-27T10:58:08Z" finished-at="2019-10-27T10:58:08Z">
          <reporter-output>
          </reporter-output>
        </test-method> <!-- div -->
        <test-method status="PASS" signature="mul()[pri:0, instance:com.qa.test.DemoTest@7a5d012c]" name="mul" duration-ms="0" started-at="2019-10-27T10:58:08Z" finished-at="2019-10-27T10:58:08Z">
          <reporter-output>
          </reporter-output>
        </test-method> <!-- mul -->
        <test-method status="PASS" signature="sub()[pri:0, instance:com.qa.test.DemoTest@7a5d012c]" name="sub" duration-ms="0" started-at="2019-10-27T10:58:08Z" finished-at="2019-10-27T10:58:08Z">
          <reporter-output>
          </reporter-output>
        </test-method> <!-- sub -->
        <test-method status="PASS" signature="sum()[pri:0, instance:com.qa.test.DemoTest@7a5d012c]" name="sum" duration-ms="0" started-at="2019-10-27T10:58:08Z" finished-at="2019-10-27T10:58:08Z">
          <reporter-output>
          </reporter-output>
        </test-method> <!-- sum -->
      </class> <!-- com.qa.test.DemoTest -->
      <class name="com.testngpractice.Test1">
        <test-method status="PASS" signature="setUp()[pri:0, instance:com.testngpractice.Test1@668bc3d5]" name="setUp" is-config="true" duration-ms="24" started-at="2019-10-27T10:58:08Z" finished-at="2019-10-27T10:58:08Z">
          <reporter-output>
          </reporter-output>
        </test-method> <!-- setUp -->
        <test-method status="PASS" signature="Login()[pri:0, instance:com.testngpractice.Test1@668bc3d5]" name="Login" is-config="true" duration-ms="1" started-at="2019-10-27T10:58:08Z" finished-at="2019-10-27T10:58:08Z">
          <reporter-output>
          </reporter-output>
        </test-method> <!-- Login -->
        <test-method status="PASS" signature="LaunchBrowser()[pri:0, instance:com.testngpractice.Test1@668bc3d5]" name="LaunchBrowser" is-config="true" duration-ms="1" started-at="2019-10-27T10:58:08Z" finished-at="2019-10-27T10:58:08Z">
          <reporter-output>
          </reporter-output>
        </test-method> <!-- LaunchBrowser -->
        <test-method status="PASS" signature="enterURL()[pri:0, instance:com.testngpractice.Test1@668bc3d5]" name="enterURL" is-config="true" duration-ms="6" started-at="2019-10-27T10:58:08Z" finished-at="2019-10-27T10:58:08Z">
          <reporter-output>
          </reporter-output>
        </test-method> <!-- enterURL -->
        <test-method status="PASS" signature="googleTittle()[pri:0, instance:com.testngpractice.Test1@668bc3d5]" name="googleTittle" duration-ms="1" started-at="2019-10-27T10:58:08Z" finished-at="2019-10-27T10:58:08Z">
          <reporter-output>
          </reporter-output>
        </test-method> <!-- googleTittle -->
        <test-method status="PASS" signature="closeBrowser()[pri:0, instance:com.testngpractice.Test1@668bc3d5]" name="closeBrowser" is-config="true" duration-ms="2" started-at="2019-10-27T10:58:08Z" finished-at="2019-10-27T10:58:08Z">
          <reporter-output>
          </reporter-output>
        </test-method> <!-- closeBrowser -->
        <test-method status="PASS" signature="logOut()[pri:0, instance:com.testngpractice.Test1@668bc3d5]" name="logOut" is-config="true" duration-ms="0" started-at="2019-10-27T10:58:08Z" finished-at="2019-10-27T10:58:08Z">
          <reporter-output>
          </reporter-output>
        </test-method> <!-- logOut -->
        <test-method status="PASS" signature="deleteAllCookies()[pri:0, instance:com.testngpractice.Test1@668bc3d5]" name="deleteAllCookies" is-config="true" duration-ms="1" started-at="2019-10-27T10:58:08Z" finished-at="2019-10-27T10:58:08Z">
          <reporter-output>
          </reporter-output>
        </test-method> <!-- deleteAllCookies -->
      </class> <!-- com.testngpractice.Test1 -->
      <class name="com.qa.test.AppTest">
        <test-method status="PASS" signature="testApp()[pri:0, instance:com.qa.test.AppTest@3cda1055]" name="testApp" duration-ms="4" started-at="2019-10-27T10:58:08Z" finished-at="2019-10-27T10:58:08Z">
          <reporter-output>
          </reporter-output>
        </test-method> <!-- testApp -->
      </class> <!-- com.qa.test.AppTest -->
    </test> <!-- Command line test -->
  </suite> <!-- Command line suite -->
</testng-results>
